[debug] [2022-05-04T03:34:10.745Z] ----------------------------------------------------------------------
[debug] [2022-05-04T03:34:10.748Z] Command:       C:\Program Files\nodejs\node.exe C:\Program Files\nodejs\node_modules\firebase-tools\lib\bin\firebase.js init
[debug] [2022-05-04T03:34:10.749Z] CLI Version:   10.7.2
[debug] [2022-05-04T03:34:10.749Z] Platform:      win32
[debug] [2022-05-04T03:34:10.749Z] Node Version:  v16.4.0
[debug] [2022-05-04T03:34:10.750Z] Time:          Wed May 04 2022 10:34:10 GMT+0700 (Giờ Đông Dương)
[debug] [2022-05-04T03:34:10.750Z] ----------------------------------------------------------------------
[debug] 
[debug] [2022-05-04T03:34:10.753Z] >>> [apiv2][query] GET https://firebase-public.firebaseio.com/cli.json [none]
[debug] [2022-05-04T03:34:10.778Z] > command requires scopes: ["email","openid","https://www.googleapis.com/auth/cloudplatformprojects.readonly","https://www.googleapis.com/auth/firebase","https://www.googleapis.com/auth/cloud-platform"]
[debug] [2022-05-04T03:34:10.778Z] > authorizing via signed-in user (daoduong.007@gmail.com)
[info] 
     ######## #### ########  ######## ########     ###     ######  ########
     ##        ##  ##     ## ##       ##     ##  ##   ##  ##       ##
     ######    ##  ########  ######   ########  #########  ######  ######
     ##        ##  ##    ##  ##       ##     ## ##     ##       ## ##
     ##       #### ##     ## ######## ########  ##     ##  ######  ########

You're about to initialize a Firebase project in this directory:

  D:\ngaoduvietnam2

[debug] [2022-05-04T03:34:11.528Z] <<< [apiv2][status] GET https://firebase-public.firebaseio.com/cli.json 200
[debug] [2022-05-04T03:34:11.528Z] <<< [apiv2][body] GET https://firebase-public.firebaseio.com/cli.json {"cloudBuildErrorAfter":1594252800000,"cloudBuildWarnAfter":1590019200000,"defaultNode10After":1594252800000,"minVersion":"3.0.5","node8DeploysDisabledAfter":1613390400000,"node8RuntimeDisabledAfter":1615809600000,"node8WarnAfter":1600128000000}
[info] 
=== Project Setup
[info] 
[info] First, let's associate this project directory with a Firebase project.
[info] You can create multiple project aliases by running firebase use --add, 
[info] but for now we'll just set up a default project.
[info] 
